app/build/intermediates/manifest_merge_blame_file/debug/manifest-merger-blame-debug-report.txt
1<?xml version="1.0" encoding="utf-8"?>
2<manifest xmlns:android="http://schemas.android.com/apk/res/android"
3    package="com.loyalstring"
4    android:versionCode="13"
5    android:versionName="1.17" >
6
7    <uses-sdk
8        android:minSdkVersion="26"
9        android:targetSdkVersion="34" />
10
11    <uses-feature
11-->src\main\AndroidManifest.xml:5:5-7:36
12        android:name="android.hardware.camera"
12-->src\main\AndroidManifest.xml:6:9-47
13        android:required="false" />
13-->src\main\AndroidManifest.xml:7:9-33
14
15    <uses-permission android:name="android.permission.INTERNET" />
15-->src\main\AndroidManifest.xml:9:5-67
15-->src\main\AndroidManifest.xml:9:22-64
16    <uses-permission android:name="android.permission.WRITE_EXTERNAL_STORAGE" />
16-->src\main\AndroidManifest.xml:10:5-81
16-->src\main\AndroidManifest.xml:10:22-78
17
18    <uses-permission-sdk-23 android:name="android.permission.MANAGE_DOCUMENTS" />
18-->src\main\AndroidManifest.xml:12:5-82
18-->src\main\AndroidManifest.xml:12:29-79
19
20    <uses-permission android:name="android.permission.READ_EXTERNAL_STORAGE" />
20-->src\main\AndroidManifest.xml:14:5-80
20-->src\main\AndroidManifest.xml:14:22-77
21    <uses-permission android:name="android.permission.MANAGE_DOCUMENTS" />
21-->src\main\AndroidManifest.xml:16:5-75
21-->src\main\AndroidManifest.xml:16:22-72
22    <uses-permission android:name="android.permission.MANAGE_EXTERNAL_STORAGE" />
22-->src\main\AndroidManifest.xml:17:5-110
22-->src\main\AndroidManifest.xml:17:22-79
23    <uses-permission android:name="android.permission.CAMERA" />
23-->src\main\AndroidManifest.xml:18:5-65
23-->src\main\AndroidManifest.xml:18:22-62
24
25    <queries>
25-->src\main\AndroidManifest.xml:20:5-26:15
26        <intent>
26-->src\main\AndroidManifest.xml:21:9-25:18
27            <action android:name="android.intent.action.VIEW" />
27-->src\main\AndroidManifest.xml:22:13-65
27-->src\main\AndroidManifest.xml:22:21-62
28
29            <data android:mimeType="*/*" />
29-->src\main\AndroidManifest.xml:24:13-44
29-->src\main\AndroidManifest.xml:24:19-41
30        </intent>
31    </queries>
32
33    <uses-permission android:name="android.permission.ACCESS_NETWORK_STATE" />
33-->[DeviceAPI_ver20231208_release.aar] AndroidManifest.xml:11:5-79
33-->[DeviceAPI_ver20231208_release.aar] AndroidManifest.xml:11:22-76
34    <uses-permission android:name="android.permission.BLUETOOTH_ADMIN" />
34-->[DeviceAPI_ver20231208_release.aar] AndroidManifest.xml:12:5-74
34-->[DeviceAPI_ver20231208_release.aar] AndroidManifest.xml:12:22-71
35    <uses-permission android:name="android.permission.CHANGE_WIFI_STATE" />
35-->[DeviceAPI_ver20231208_release.aar] AndroidManifest.xml:14:5-76
35-->[DeviceAPI_ver20231208_release.aar] AndroidManifest.xml:14:22-73
36    <uses-permission android:name="android.permission.WAKE_LOCK" />
36-->[com.google.android.gms:play-services-measurement-api:21.5.1] AndroidManifest.xml:24:5-68
36-->[com.google.android.gms:play-services-measurement-api:21.5.1] AndroidManifest.xml:24:22-65
37    <uses-permission android:name="com.google.android.gms.permission.AD_ID" />
37-->[com.google.android.gms:play-services-measurement-api:21.5.1] AndroidManifest.xml:25:5-79
37-->[com.google.android.gms:play-services-measurement-api:21.5.1] AndroidManifest.xml:25:22-76
38    <uses-permission android:name="android.permission.ACCESS_ADSERVICES_ATTRIBUTION" />
38-->[com.google.android.gms:play-services-measurement-api:21.5.1] AndroidManifest.xml:26:5-88
38-->[com.google.android.gms:play-services-measurement-api:21.5.1] AndroidManifest.xml:26:22-85
39    <uses-permission android:name="android.permission.ACCESS_ADSERVICES_AD_ID" />
39-->[com.google.android.gms:play-services-measurement-api:21.5.1] AndroidManifest.xml:27:5-82
39-->[com.google.android.gms:play-services-measurement-api:21.5.1] AndroidManifest.xml:27:22-79
40    <uses-permission android:name="com.google.android.finsky.permission.BIND_GET_INSTALL_REFERRER_SERVICE" />
40-->[com.google.android.gms:play-services-measurement:21.5.1] AndroidManifest.xml:26:5-110
40-->[com.google.android.gms:play-services-measurement:21.5.1] AndroidManifest.xml:26:22-107
41    <uses-permission android:name="android.permission.RECEIVE_BOOT_COMPLETED" />
41-->[androidx.work:work-runtime:2.7.1] AndroidManifest.xml:27:5-81
41-->[androidx.work:work-runtime:2.7.1] AndroidManifest.xml:27:22-78
42    <uses-permission android:name="android.permission.FOREGROUND_SERVICE" />
42-->[androidx.work:work-runtime:2.7.1] AndroidManifest.xml:28:5-77
42-->[androidx.work:work-runtime:2.7.1] AndroidManifest.xml:28:22-74
43
44    <permission
44-->[androidx.core:core:1.9.0] AndroidManifest.xml:22:5-24:47
45        android:name="com.loyalstring.DYNAMIC_RECEIVER_NOT_EXPORTED_PERMISSION"
45-->[androidx.core:core:1.9.0] AndroidManifest.xml:23:9-81
46        android:protectionLevel="signature" />
46-->[androidx.core:core:1.9.0] AndroidManifest.xml:24:9-44
47
48    <uses-permission android:name="com.loyalstring.DYNAMIC_RECEIVER_NOT_EXPORTED_PERMISSION" />
48-->[androidx.core:core:1.9.0] AndroidManifest.xml:26:5-97
48-->[androidx.core:core:1.9.0] AndroidManifest.xml:26:22-94
49
50    <application
50-->src\main\AndroidManifest.xml:28:5-123:19
51        android:name="com.loyalstring.fsupporters.MyApplication"
51-->src\main\AndroidManifest.xml:29:9-50
52        android:allowBackup="false"
52-->src\main\AndroidManifest.xml:30:9-36
53        android:appComponentFactory="androidx.core.app.CoreComponentFactory"
53-->[androidx.core:core:1.9.0] AndroidManifest.xml:28:18-86
54        android:configChanges="orientation|screenSize|screenLayout|keyboardHidden"
54-->src\main\AndroidManifest.xml:31:9-83
55        android:dataExtractionRules="@xml/data_extraction_rules"
55-->src\main\AndroidManifest.xml:32:9-65
56        android:debuggable="true"
57        android:extractNativeLibs="false"
58        android:fullBackupContent="@xml/backup_rules"
58-->src\main\AndroidManifest.xml:33:9-54
59        android:icon="@drawable/logo"
59-->src\main\AndroidManifest.xml:34:9-38
60        android:label="@string/app_name"
60-->src\main\AndroidManifest.xml:35:9-41
61        android:largeHeap="true"
61-->src\main\AndroidManifest.xml:36:9-33
62        android:networkSecurityConfig="@xml/network_security_config"
62-->src\main\AndroidManifest.xml:37:9-69
63        android:requestLegacyExternalStorage="true"
63-->src\main\AndroidManifest.xml:38:9-52
64        android:roundIcon="@drawable/logo"
64-->src\main\AndroidManifest.xml:39:9-43
65        android:supportsRtl="true"
65-->src\main\AndroidManifest.xml:40:9-35
66        android:theme="@style/Theme.LoyalString"
66-->src\main\AndroidManifest.xml:41:9-49
67        android:usesCleartextTraffic="true" >
67-->src\main\AndroidManifest.xml:42:9-44
68        <activity
68-->src\main\AndroidManifest.xml:44:9-46:40
69            android:name="com.loyalstring.Activities.SyncSettingsActivity"
69-->src\main\AndroidManifest.xml:45:13-60
70            android:exported="false" />
70-->src\main\AndroidManifest.xml:46:13-37
71        <activity
71-->src\main\AndroidManifest.xml:47:9-49:40
72            android:name="com.loyalstring.Activities.ApiConfigActivity"
72-->src\main\AndroidManifest.xml:48:13-57
73            android:exported="false" />
73-->src\main\AndroidManifest.xml:49:13-37
74        <activity
74-->src\main\AndroidManifest.xml:50:9-52:40
75            android:name="com.loyalstring.Activities.Skureport"
75-->src\main\AndroidManifest.xml:51:13-49
76            android:exported="false" />
76-->src\main\AndroidManifest.xml:52:13-37
77        <activity
77-->src\main\AndroidManifest.xml:53:9-55:40
78            android:name="com.loyalstring.Activities.Uploadimages"
78-->src\main\AndroidManifest.xml:54:13-52
79            android:exported="false" />
79-->src\main\AndroidManifest.xml:55:13-37
80        <activity
80-->src\main\AndroidManifest.xml:56:9-58:40
81            android:name="com.loyalstring.Activities.BillViewactivity"
81-->src\main\AndroidManifest.xml:57:13-56
82            android:exported="false" />
82-->src\main\AndroidManifest.xml:58:13-37
83        <activity
83-->src\main\AndroidManifest.xml:59:9-61:40
84            android:name="com.loyalstring.Activities.googlesheet"
84-->src\main\AndroidManifest.xml:60:13-51
85            android:exported="false" />
85-->src\main\AndroidManifest.xml:61:13-37
86        <activity
86-->src\main\AndroidManifest.xml:62:9-64:40
87            android:name="com.loyalstring.Activities.Billlistactivity"
87-->src\main\AndroidManifest.xml:63:13-56
88            android:exported="false" />
88-->src\main\AndroidManifest.xml:64:13-37
89        <activity
89-->src\main\AndroidManifest.xml:65:9-67:40
90            android:name="com.loyalstring.Activities.Customapis"
90-->src\main\AndroidManifest.xml:66:13-50
91            android:exported="false" />
91-->src\main\AndroidManifest.xml:67:13-37
92        <activity
92-->src\main\AndroidManifest.xml:68:9-70:40
93            android:name="com.loyalstring.Activities.ListActivity"
93-->src\main\AndroidManifest.xml:69:13-52
94            android:exported="false" />
94-->src\main\AndroidManifest.xml:70:13-37
95        <activity
95-->src\main\AndroidManifest.xml:71:9-73:40
96            android:name="com.loyalstring.fragments.Homefragment"
96-->src\main\AndroidManifest.xml:72:13-51
97            android:exported="false" />
97-->src\main\AndroidManifest.xml:73:13-37
98        <activity
98-->src\main\AndroidManifest.xml:74:9-77:59
99            android:name="com.loyalstring.fragments.Inventoryfragment"
99-->src\main\AndroidManifest.xml:75:13-56
100            android:exported="false"
100-->src\main\AndroidManifest.xml:76:13-37
101            android:windowSoftInputMode="adjustNothing" />
101-->src\main\AndroidManifest.xml:77:13-56
102        <activity
102-->src\main\AndroidManifest.xml:78:9-80:40
103            android:name="com.loyalstring.mainscreens.Loginpage"
103-->src\main\AndroidManifest.xml:79:13-50
104            android:exported="false" />
104-->src\main\AndroidManifest.xml:80:13-37
105        <activity
105-->src\main\AndroidManifest.xml:81:9-83:40
106            android:name="com.loyalstring.mainscreens.Activationpage"
106-->src\main\AndroidManifest.xml:82:13-55
107            android:exported="false" />
107-->src\main\AndroidManifest.xml:83:13-37
108        <activity
108-->src\main\AndroidManifest.xml:85:9-87:40
109            android:name="com.loyalstring.Activities.DailyStockReportDate"
109-->src\main\AndroidManifest.xml:86:13-60
110            android:exported="false" />
110-->src\main\AndroidManifest.xml:87:13-37
111        <activity
111-->src\main\AndroidManifest.xml:89:9-91:40
112            android:name="com.loyalstring.Activities.DailyStockReportCounter"
112-->src\main\AndroidManifest.xml:90:13-63
113            android:exported="false" />
113-->src\main\AndroidManifest.xml:91:13-37
114        <activity
114-->src\main\AndroidManifest.xml:93:9-95:40
115            android:name="com.loyalstring.Activities.DailyStockreportCategory"
115-->src\main\AndroidManifest.xml:94:13-64
116            android:exported="false" />
116-->src\main\AndroidManifest.xml:95:13-37
117        <activity
117-->src\main\AndroidManifest.xml:97:9-99:40
118            android:name="com.loyalstring.Activities.DailyStockReportProduct"
118-->src\main\AndroidManifest.xml:98:13-63
119            android:exported="false" />
119-->src\main\AndroidManifest.xml:99:13-37
120        <activity
120-->src\main\AndroidManifest.xml:100:9-103:59
121            android:name="com.loyalstring.MainActivity"
121-->src\main\AndroidManifest.xml:101:13-41
122            android:exported="false"
122-->src\main\AndroidManifest.xml:102:13-37
123            android:windowSoftInputMode="adjustNothing" />
123-->src\main\AndroidManifest.xml:103:13-56
124        <activity
124-->src\main\AndroidManifest.xml:104:9-112:20
125            android:name="com.loyalstring.mainscreens.splashscreen"
125-->src\main\AndroidManifest.xml:105:13-53
126            android:exported="true" >
126-->src\main\AndroidManifest.xml:106:13-36
127            <intent-filter>
127-->src\main\AndroidManifest.xml:107:13-111:29
128                <action android:name="android.intent.action.MAIN" />
128-->src\main\AndroidManifest.xml:108:17-69
128-->src\main\AndroidManifest.xml:108:25-66
129
130                <category android:name="android.intent.category.LAUNCHER" />
130-->src\main\AndroidManifest.xml:110:17-77
130-->src\main\AndroidManifest.xml:110:27-74
131            </intent-filter>
132        </activity>
133
134        <provider
134-->src\main\AndroidManifest.xml:114:9-122:20
135            android:name="androidx.core.content.FileProvider"
135-->src\main\AndroidManifest.xml:115:13-62
136            android:authorities="com.loyalstring.provider"
136-->src\main\AndroidManifest.xml:116:13-59
137            android:exported="false"
137-->src\main\AndroidManifest.xml:117:13-37
138            android:grantUriPermissions="true" >
138-->src\main\AndroidManifest.xml:118:13-47
139            <meta-data
139-->src\main\AndroidManifest.xml:119:13-121:54
140                android:name="android.support.FILE_PROVIDER_PATHS"
140-->src\main\AndroidManifest.xml:120:17-67
141                android:resource="@xml/file_paths" />
141-->src\main\AndroidManifest.xml:121:17-51
142        </provider>
143
144        <service
144-->[com.google.firebase:firebase-crashlytics:18.6.3] AndroidManifest.xml:12:9-21:19
145            android:name="com.google.firebase.components.ComponentDiscoveryService"
145-->[com.google.firebase:firebase-crashlytics:18.6.3] AndroidManifest.xml:13:13-84
146            android:directBootAware="true"
146-->[com.google.firebase:firebase-common:21.0.0] AndroidManifest.xml:32:13-43
147            android:exported="false" >
147-->[com.google.firebase:firebase-crashlytics:18.6.3] AndroidManifest.xml:14:13-37
148            <meta-data
148-->[com.google.firebase:firebase-crashlytics:18.6.3] AndroidManifest.xml:15:13-17:85
149                android:name="com.google.firebase.components:com.google.firebase.crashlytics.FirebaseCrashlyticsKtxRegistrar"
149-->[com.google.firebase:firebase-crashlytics:18.6.3] AndroidManifest.xml:16:17-126
150                android:value="com.google.firebase.components.ComponentRegistrar" />
150-->[com.google.firebase:firebase-crashlytics:18.6.3] AndroidManifest.xml:17:17-82
151            <meta-data
151-->[com.google.firebase:firebase-crashlytics:18.6.3] AndroidManifest.xml:18:13-20:85
152                android:name="com.google.firebase.components:com.google.firebase.crashlytics.CrashlyticsRegistrar"
152-->[com.google.firebase:firebase-crashlytics:18.6.3] AndroidManifest.xml:19:17-115
153                android:value="com.google.firebase.components.ComponentRegistrar" />
153-->[com.google.firebase:firebase-crashlytics:18.6.3] AndroidManifest.xml:20:17-82
154            <meta-data
154-->[com.google.firebase:firebase-storage:20.3.0] AndroidManifest.xml:30:13-32:85
155                android:name="com.google.firebase.components:com.google.firebase.storage.FirebaseStorageKtxRegistrar"
155-->[com.google.firebase:firebase-storage:20.3.0] AndroidManifest.xml:31:17-118
156                android:value="com.google.firebase.components.ComponentRegistrar" />
156-->[com.google.firebase:firebase-storage:20.3.0] AndroidManifest.xml:32:17-82
157            <meta-data
157-->[com.google.firebase:firebase-storage:20.3.0] AndroidManifest.xml:33:13-35:85
158                android:name="com.google.firebase.components:com.google.firebase.storage.StorageRegistrar"
158-->[com.google.firebase:firebase-storage:20.3.0] AndroidManifest.xml:34:17-107
159                android:value="com.google.firebase.components.ComponentRegistrar" />
159-->[com.google.firebase:firebase-storage:20.3.0] AndroidManifest.xml:35:17-82
160            <meta-data
160-->[com.google.firebase:firebase-perf:20.5.2] AndroidManifest.xml:14:13-16:85
161                android:name="com.google.firebase.components:com.google.firebase.perf.FirebasePerfKtxRegistrar"
161-->[com.google.firebase:firebase-perf:20.5.2] AndroidManifest.xml:15:17-112
162                android:value="com.google.firebase.components.ComponentRegistrar" />
162-->[com.google.firebase:firebase-perf:20.5.2] AndroidManifest.xml:16:17-82
163            <meta-data
163-->[com.google.firebase:firebase-perf:20.5.2] AndroidManifest.xml:17:13-19:85
164                android:name="com.google.firebase.components:com.google.firebase.perf.FirebasePerfRegistrar"
164-->[com.google.firebase:firebase-perf:20.5.2] AndroidManifest.xml:18:17-109
165                android:value="com.google.firebase.components.ComponentRegistrar" />
165-->[com.google.firebase:firebase-perf:20.5.2] AndroidManifest.xml:19:17-82
166            <meta-data
166-->[com.google.firebase:firebase-database:21.0.0] AndroidManifest.xml:29:13-31:85
167                android:name="com.google.firebase.components:com.google.firebase.database.FirebaseDatabaseKtxRegistrar"
167-->[com.google.firebase:firebase-database:21.0.0] AndroidManifest.xml:30:17-120
168                android:value="com.google.firebase.components.ComponentRegistrar" />
168-->[com.google.firebase:firebase-database:21.0.0] AndroidManifest.xml:31:17-82
169            <meta-data
169-->[com.google.firebase:firebase-database:21.0.0] AndroidManifest.xml:32:13-34:85
170                android:name="com.google.firebase.components:com.google.firebase.database.DatabaseRegistrar"
170-->[com.google.firebase:firebase-database:21.0.0] AndroidManifest.xml:33:17-109
171                android:value="com.google.firebase.components.ComponentRegistrar" />
171-->[com.google.firebase:firebase-database:21.0.0] AndroidManifest.xml:34:17-82
172            <meta-data
172-->[com.google.firebase:firebase-firestore:25.0.0] AndroidManifest.xml:17:13-19:85
173                android:name="com.google.firebase.components:com.google.firebase.firestore.FirebaseFirestoreKtxRegistrar"
173-->[com.google.firebase:firebase-firestore:25.0.0] AndroidManifest.xml:18:17-122
174                android:value="com.google.firebase.components.ComponentRegistrar" />
174-->[com.google.firebase:firebase-firestore:25.0.0] AndroidManifest.xml:19:17-82
175            <meta-data
175-->[com.google.firebase:firebase-firestore:25.0.0] AndroidManifest.xml:20:13-22:85
176                android:name="com.google.firebase.components:com.google.firebase.firestore.FirestoreRegistrar"
176-->[com.google.firebase:firebase-firestore:25.0.0] AndroidManifest.xml:21:17-111
177                android:value="com.google.firebase.components.ComponentRegistrar" />
177-->[com.google.firebase:firebase-firestore:25.0.0] AndroidManifest.xml:22:17-82
178            <meta-data
178-->[com.google.firebase:firebase-appcheck:17.1.2] AndroidManifest.xml:25:13-27:85
179                android:name="com.google.firebase.components:com.google.firebase.appcheck.FirebaseAppCheckKtxRegistrar"
179-->[com.google.firebase:firebase-appcheck:17.1.2] AndroidManifest.xml:26:17-120
180                android:value="com.google.firebase.components.ComponentRegistrar" />
180-->[com.google.firebase:firebase-appcheck:17.1.2] AndroidManifest.xml:27:17-82
181            <meta-data
181-->[com.google.firebase:firebase-appcheck:17.1.2] AndroidManifest.xml:28:13-30:85
182                android:name="com.google.firebase.components:com.google.firebase.appcheck.FirebaseAppCheckRegistrar"
182-->[com.google.firebase:firebase-appcheck:17.1.2] AndroidManifest.xml:29:17-117
183                android:value="com.google.firebase.components.ComponentRegistrar" />
183-->[com.google.firebase:firebase-appcheck:17.1.2] AndroidManifest.xml:30:17-82
184            <meta-data
184-->[com.google.firebase:firebase-sessions:1.2.3] AndroidManifest.xml:29:13-31:85
185                android:name="com.google.firebase.components:com.google.firebase.sessions.FirebaseSessionsRegistrar"
185-->[com.google.firebase:firebase-sessions:1.2.3] AndroidManifest.xml:30:17-117
186                android:value="com.google.firebase.components.ComponentRegistrar" />
186-->[com.google.firebase:firebase-sessions:1.2.3] AndroidManifest.xml:31:17-82
187            <meta-data
187-->[com.google.firebase:firebase-config:21.6.3] AndroidManifest.xml:29:13-31:85
188                android:name="com.google.firebase.components:com.google.firebase.remoteconfig.FirebaseRemoteConfigKtxRegistrar"
188-->[com.google.firebase:firebase-config:21.6.3] AndroidManifest.xml:30:17-128
189                android:value="com.google.firebase.components.ComponentRegistrar" />
189-->[com.google.firebase:firebase-config:21.6.3] AndroidManifest.xml:31:17-82
190            <meta-data
190-->[com.google.firebase:firebase-config:21.6.3] AndroidManifest.xml:32:13-34:85
191                android:name="com.google.firebase.components:com.google.firebase.remoteconfig.RemoteConfigRegistrar"
191-->[com.google.firebase:firebase-config:21.6.3] AndroidManifest.xml:33:17-117
192                android:value="com.google.firebase.components.ComponentRegistrar" />
192-->[com.google.firebase:firebase-config:21.6.3] AndroidManifest.xml:34:17-82
193            <meta-data
193-->[com.google.android.gms:play-services-measurement-api:21.5.1] AndroidManifest.xml:37:13-39:85
194                android:name="com.google.firebase.components:com.google.firebase.analytics.connector.internal.AnalyticsConnectorRegistrar"
194-->[com.google.android.gms:play-services-measurement-api:21.5.1] AndroidManifest.xml:38:17-139
195                android:value="com.google.firebase.components.ComponentRegistrar" />
195-->[com.google.android.gms:play-services-measurement-api:21.5.1] AndroidManifest.xml:39:17-82
196            <meta-data
196-->[com.google.firebase:firebase-installations:17.2.0] AndroidManifest.xml:15:13-17:85
197                android:name="com.google.firebase.components:com.google.firebase.installations.FirebaseInstallationsKtxRegistrar"
197-->[com.google.firebase:firebase-installations:17.2.0] AndroidManifest.xml:16:17-130
198                android:value="com.google.firebase.components.ComponentRegistrar" />
198-->[com.google.firebase:firebase-installations:17.2.0] AndroidManifest.xml:17:17-82
199            <meta-data
199-->[com.google.firebase:firebase-installations:17.2.0] AndroidManifest.xml:18:13-20:85
200                android:name="com.google.firebase.components:com.google.firebase.installations.FirebaseInstallationsRegistrar"
200-->[com.google.firebase:firebase-installations:17.2.0] AndroidManifest.xml:19:17-127
201                android:value="com.google.firebase.components.ComponentRegistrar" />
201-->[com.google.firebase:firebase-installations:17.2.0] AndroidManifest.xml:20:17-82
202            <meta-data
202-->[com.google.firebase:firebase-common-ktx:21.0.0] AndroidManifest.xml:12:13-14:85
203                android:name="com.google.firebase.components:com.google.firebase.ktx.FirebaseCommonLegacyRegistrar"
203-->[com.google.firebase:firebase-common-ktx:21.0.0] AndroidManifest.xml:13:17-116
204                android:value="com.google.firebase.components.ComponentRegistrar" />
204-->[com.google.firebase:firebase-common-ktx:21.0.0] AndroidManifest.xml:14:17-82
205            <meta-data
205-->[com.google.firebase:firebase-common:21.0.0] AndroidManifest.xml:35:13-37:85
206                android:name="com.google.firebase.components:com.google.firebase.FirebaseCommonKtxRegistrar"
206-->[com.google.firebase:firebase-common:21.0.0] AndroidManifest.xml:36:17-109
207                android:value="com.google.firebase.components.ComponentRegistrar" />
207-->[com.google.firebase:firebase-common:21.0.0] AndroidManifest.xml:37:17-82
208            <meta-data
208-->[com.google.firebase:firebase-abt:21.1.1] AndroidManifest.xml:12:13-14:85
209                android:name="com.google.firebase.components:com.google.firebase.abt.component.AbtRegistrar"
209-->[com.google.firebase:firebase-abt:21.1.1] AndroidManifest.xml:13:17-109
210                android:value="com.google.firebase.components.ComponentRegistrar" />
210-->[com.google.firebase:firebase-abt:21.1.1] AndroidManifest.xml:14:17-82
211            <meta-data
211-->[com.google.firebase:firebase-datatransport:18.1.8] AndroidManifest.xml:27:13-29:85
212                android:name="com.google.firebase.components:com.google.firebase.datatransport.TransportRegistrar"
212-->[com.google.firebase:firebase-datatransport:18.1.8] AndroidManifest.xml:28:17-115
213                android:value="com.google.firebase.components.ComponentRegistrar" />
213-->[com.google.firebase:firebase-datatransport:18.1.8] AndroidManifest.xml:29:17-82
214        </service>
215
216        <activity
216-->[com.google.android.gms:play-services-base:18.1.0] AndroidManifest.xml:20:9-22:45
217            android:name="com.google.android.gms.common.api.GoogleApiActivity"
217-->[com.google.android.gms:play-services-base:18.1.0] AndroidManifest.xml:20:19-85
218            android:exported="false"
218-->[com.google.android.gms:play-services-base:18.1.0] AndroidManifest.xml:22:19-43
219            android:theme="@android:style/Theme.Translucent.NoTitleBar" />
219-->[com.google.android.gms:play-services-base:18.1.0] AndroidManifest.xml:21:19-78
220
221        <service
221-->[com.google.firebase:firebase-sessions:1.2.3] AndroidManifest.xml:22:9-25:40
222            android:name="com.google.firebase.sessions.SessionLifecycleService"
222-->[com.google.firebase:firebase-sessions:1.2.3] AndroidManifest.xml:23:13-80
223            android:enabled="true"
223-->[com.google.firebase:firebase-sessions:1.2.3] AndroidManifest.xml:24:13-35
224            android:exported="false" />
224-->[com.google.firebase:firebase-sessions:1.2.3] AndroidManifest.xml:25:13-37
225
226        <property
226-->[com.google.android.gms:play-services-measurement-api:21.5.1] AndroidManifest.xml:30:9-32:61
227            android:name="android.adservices.AD_SERVICES_CONFIG"
227-->[com.google.android.gms:play-services-measurement-api:21.5.1] AndroidManifest.xml:31:13-65
228            android:resource="@xml/ga_ad_services_config" />
228-->[com.google.android.gms:play-services-measurement-api:21.5.1] AndroidManifest.xml:32:13-58
229
230        <provider
230-->[com.google.firebase:firebase-common:21.0.0] AndroidManifest.xml:23:9-28:39
231            android:name="com.google.firebase.provider.FirebaseInitProvider"
231-->[com.google.firebase:firebase-common:21.0.0] AndroidManifest.xml:24:13-77
232            android:authorities="com.loyalstring.firebaseinitprovider"
232-->[com.google.firebase:firebase-common:21.0.0] AndroidManifest.xml:25:13-72
233            android:directBootAware="true"
233-->[com.google.firebase:firebase-common:21.0.0] AndroidManifest.xml:26:13-43
234            android:exported="false"
234-->[com.google.firebase:firebase-common:21.0.0] AndroidManifest.xml:27:13-37
235            android:initOrder="100" />
235-->[com.google.firebase:firebase-common:21.0.0] AndroidManifest.xml:28:13-36
236
237        <receiver
237-->[com.google.android.gms:play-services-measurement:21.5.1] AndroidManifest.xml:29:9-33:20
238            android:name="com.google.android.gms.measurement.AppMeasurementReceiver"
238-->[com.google.android.gms:play-services-measurement:21.5.1] AndroidManifest.xml:30:13-85
239            android:enabled="true"
239-->[com.google.android.gms:play-services-measurement:21.5.1] AndroidManifest.xml:31:13-35
240            android:exported="false" >
240-->[com.google.android.gms:play-services-measurement:21.5.1] AndroidManifest.xml:32:13-37
241        </receiver>
242
243        <service
243-->[com.google.android.gms:play-services-measurement:21.5.1] AndroidManifest.xml:35:9-38:40
244            android:name="com.google.android.gms.measurement.AppMeasurementService"
244-->[com.google.android.gms:play-services-measurement:21.5.1] AndroidManifest.xml:36:13-84
245            android:enabled="true"
245-->[com.google.android.gms:play-services-measurement:21.5.1] AndroidManifest.xml:37:13-35
246            android:exported="false" />
246-->[com.google.android.gms:play-services-measurement:21.5.1] AndroidManifest.xml:38:13-37
247        <service
247-->[com.google.android.gms:play-services-measurement:21.5.1] AndroidManifest.xml:39:9-43:72
248            android:name="com.google.android.gms.measurement.AppMeasurementJobService"
248-->[com.google.android.gms:play-services-measurement:21.5.1] AndroidManifest.xml:40:13-87
249            android:enabled="true"
249-->[com.google.android.gms:play-services-measurement:21.5.1] AndroidManifest.xml:41:13-35
250            android:exported="false"
250-->[com.google.android.gms:play-services-measurement:21.5.1] AndroidManifest.xml:42:13-37
251            android:permission="android.permission.BIND_JOB_SERVICE" />
251-->[com.google.android.gms:play-services-measurement:21.5.1] AndroidManifest.xml:43:13-69
252
253        <uses-library
253-->[androidx.privacysandbox.ads:ads-adservices:1.0.0-beta05] AndroidManifest.xml:23:9-25:40
254            android:name="android.ext.adservices"
254-->[androidx.privacysandbox.ads:ads-adservices:1.0.0-beta05] AndroidManifest.xml:24:13-50
255            android:required="false" />
255-->[androidx.privacysandbox.ads:ads-adservices:1.0.0-beta05] AndroidManifest.xml:25:13-37
256
257        <provider
257-->[androidx.emoji2:emoji2:1.2.0] AndroidManifest.xml:24:9-32:20
258            android:name="androidx.startup.InitializationProvider"
258-->[androidx.emoji2:emoji2:1.2.0] AndroidManifest.xml:25:13-67
259            android:authorities="com.loyalstring.androidx-startup"
259-->[androidx.emoji2:emoji2:1.2.0] AndroidManifest.xml:26:13-68
260            android:exported="false" >
260-->[androidx.emoji2:emoji2:1.2.0] AndroidManifest.xml:27:13-37
261            <meta-data
261-->[androidx.emoji2:emoji2:1.2.0] AndroidManifest.xml:29:13-31:52
262                android:name="androidx.emoji2.text.EmojiCompatInitializer"
262-->[androidx.emoji2:emoji2:1.2.0] AndroidManifest.xml:30:17-75
263                android:value="androidx.startup" />